/usr/sbin/mysqld, Version: 8.0.29-21 (Percona Server (GPL), Release 21, Revision c59f87d2854), Time: 2022-11-19T19:30:51.934612+08:00. started with:
Tcp port: 0  Unix socket: /var/lib/mysql/mysql.sock
Time                 Id Command    Argument
/usr/sbin/mysqld, Version: 8.0.29-21 (Percona Server (GPL), Release 21, Revision c59f87d2854), Time: 2022-11-19T19:31:00.594069+08:00. started with:
Tcp port: 0  Unix socket: /var/lib/mysql/mysql.sock
Time                 Id Command    Argument
/usr/sbin/mysqld, Version: 8.0.29-21 (Percona Server (GPL), Release 21, Revision c59f87d2854), Time: 2022-11-19T19:31:09.608860+08:00. started with:
Tcp port: 3306  Unix socket: /var/lib/mysql/mysql.sock
Time                 Id Command    Argument
/usr/sbin/mysqld, Version: 8.0.29-21 (Percona Server (GPL), Release 21, Revision c59f87d2854), Time: 2022-11-19T19:37:24.763107+08:00. started with:
Tcp port: 0  Unix socket: /var/lib/mysql/mysql.sock
Time                 Id Command    Argument
/usr/sbin/mysqld, Version: 8.0.29-21 (Percona Server (GPL), Release 21, Revision c59f87d2854), Time: 2022-11-19T19:37:31.993845+08:00. started with:
Tcp port: 0  Unix socket: /var/lib/mysql/mysql.sock
Time                 Id Command    Argument
/usr/sbin/mysqld, Version: 8.0.29-21 (Percona Server (GPL), Release 21, Revision c59f87d2854), Time: 2022-11-19T19:37:40.584529+08:00. started with:
Tcp port: 3306  Unix socket: /var/lib/mysql/mysql.sock
Time                 Id Command    Argument
/usr/sbin/mysqld, Version: 8.0.29-21 (Percona Server (GPL), Release 21, Revision c59f87d2854), Time: 2022-11-19T19:48:02.486329+08:00. started with:
Tcp port: 0  Unix socket: /var/lib/mysql/mysql.sock
Time                 Id Command    Argument
/usr/sbin/mysqld, Version: 8.0.29-21 (Percona Server (GPL), Release 21, Revision c59f87d2854), Time: 2022-11-19T19:48:09.784299+08:00. started with:
Tcp port: 0  Unix socket: /var/lib/mysql/mysql.sock
Time                 Id Command    Argument
/usr/sbin/mysqld, Version: 8.0.29-21 (Percona Server (GPL), Release 21, Revision c59f87d2854), Time: 2022-11-19T19:48:17.907497+08:00. started with:
Tcp port: 3306  Unix socket: /var/lib/mysql/mysql.sock
Time                 Id Command    Argument
/usr/sbin/mysqld, Version: 8.0.29-21 (Percona Server (GPL), Release 21, Revision c59f87d2854), Time: 2022-11-19T20:04:58.822669+08:00. started with:
Tcp port: 0  Unix socket: /var/lib/mysql/mysql.sock
Time                 Id Command    Argument
/usr/sbin/mysqld, Version: 8.0.29-21 (Percona Server (GPL), Release 21, Revision c59f87d2854), Time: 2022-11-19T20:05:06.855319+08:00. started with:
Tcp port: 0  Unix socket: /var/lib/mysql/mysql.sock
Time                 Id Command    Argument
/usr/sbin/mysqld, Version: 8.0.29-21 (Percona Server (GPL), Release 21, Revision c59f87d2854), Time: 2022-11-19T20:05:14.196034+08:00. started with:
Tcp port: 3306  Unix socket: /var/lib/mysql/mysql.sock
Time                 Id Command    Argument
/usr/sbin/mysqld, Version: 8.0.29-21 (Percona Server (GPL), Release 21, Revision c59f87d2854), Time: 2022-11-19T20:13:28.139043+08:00. started with:
Tcp port: 0  Unix socket: /var/lib/mysql/mysql.sock
Time                 Id Command    Argument
/usr/sbin/mysqld, Version: 8.0.29-21 (Percona Server (GPL), Release 21, Revision c59f87d2854), Time: 2022-11-19T20:13:36.167537+08:00. started with:
Tcp port: 0  Unix socket: /var/lib/mysql/mysql.sock
Time                 Id Command    Argument
/usr/sbin/mysqld, Version: 8.0.29-21 (Percona Server (GPL), Release 21, Revision c59f87d2854), Time: 2022-11-19T20:13:55.716190+08:00. started with:
Tcp port: 3306  Unix socket: /var/lib/mysql/mysql.sock
Time                 Id Command    Argument
/usr/sbin/mysqld, Version: 8.0.29-21 (Percona Server (GPL), Release 21, Revision c59f87d2854), Time: 2022-11-19T20:50:35.597480+08:00. started with:
Tcp port: 0  Unix socket: /var/lib/mysql/mysql.sock
Time                 Id Command    Argument
/usr/sbin/mysqld, Version: 8.0.29-21 (Percona Server (GPL), Release 21, Revision c59f87d2854), Time: 2022-11-19T20:50:44.378437+08:00. started with:
Tcp port: 0  Unix socket: /var/lib/mysql/mysql.sock
Time                 Id Command    Argument
/usr/sbin/mysqld, Version: 8.0.29-21 (Percona Server (GPL), Release 21, Revision c59f87d2854), Time: 2022-11-19T20:50:51.953546+08:00. started with:
Tcp port: 3306  Unix socket: /var/lib/mysql/mysql.sock
Time                 Id Command    Argument
/usr/sbin/mysqld, Version: 8.0.29-21 (Percona Server (GPL), Release 21, Revision c59f87d2854), Time: 2022-11-19T20:52:14.513934+08:00. started with:
Tcp port: 0  Unix socket: /var/lib/mysql/mysql.sock
Time                 Id Command    Argument
/usr/sbin/mysqld, Version: 8.0.29-21 (Percona Server (GPL), Release 21, Revision c59f87d2854), Time: 2022-11-19T20:52:22.444102+08:00. started with:
Tcp port: 0  Unix socket: /var/lib/mysql/mysql.sock
Time                 Id Command    Argument
/usr/sbin/mysqld, Version: 8.0.29-21 (Percona Server (GPL), Release 21, Revision c59f87d2854), Time: 2022-11-19T20:52:30.435476+08:00. started with:
Tcp port: 3306  Unix socket: /var/lib/mysql/mysql.sock
Time                 Id Command    Argument
/usr/sbin/mysqld, Version: 8.0.29-21 (Percona Server (GPL), Release 21, Revision c59f87d2854), Time: 2022-11-19T22:46:00.015036+08:00. started with:
Tcp port: 0  Unix socket: /var/lib/mysql/mysql.sock
Time                 Id Command    Argument
/usr/sbin/mysqld, Version: 8.0.29-21 (Percona Server (GPL), Release 21, Revision c59f87d2854), Time: 2022-11-19T22:46:08.178915+08:00. started with:
Tcp port: 0  Unix socket: /var/lib/mysql/mysql.sock
Time                 Id Command    Argument
/usr/sbin/mysqld, Version: 8.0.29-21 (Percona Server (GPL), Release 21, Revision c59f87d2854), Time: 2022-11-19T22:46:14.484198+08:00. started with:
Tcp port: 3306  Unix socket: /var/lib/mysql/mysql.sock
Time                 Id Command    Argument
/usr/sbin/mysqld, Version: 8.0.29-21 (Percona Server (GPL), Release 21, Revision c59f87d2854), Time: 2022-11-19T22:47:06.958135+08:00. started with:
Tcp port: 0  Unix socket: /var/lib/mysql/mysql.sock
Time                 Id Command    Argument
/usr/sbin/mysqld, Version: 8.0.29-21 (Percona Server (GPL), Release 21, Revision c59f87d2854), Time: 2022-11-19T22:47:12.663550+08:00. started with:
Tcp port: 3306  Unix socket: /var/lib/mysql/mysql.sock
Time                 Id Command    Argument
/usr/sbin/mysqld, Version: 8.0.29-21 (Percona Server (GPL), Release 21, Revision c59f87d2854), Time: 2022-11-19T22:47:16.103347+08:00. started with:
Tcp port: 3306  Unix socket: /var/lib/mysql/mysql.sock
Time                 Id Command    Argument
/usr/sbin/mysqld, Version: 8.0.29-21 (Percona Server (GPL), Release 21, Revision c59f87d2854), Time: 2022-11-19T22:47:19.237208+08:00. started with:
Tcp port: 3306  Unix socket: /var/lib/mysql/mysql.sock
Time                 Id Command    Argument
/usr/sbin/mysqld, Version: 8.0.29-21 (Percona Server (GPL), Release 21, Revision c59f87d2854), Time: 2022-11-19T22:47:22.647226+08:00. started with:
Tcp port: 3306  Unix socket: /var/lib/mysql/mysql.sock
Time                 Id Command    Argument
/usr/sbin/mysqld, Version: 8.0.29-21 (Percona Server (GPL), Release 21, Revision c59f87d2854), Time: 2022-11-19T22:47:27.082309+08:00. started with:
Tcp port: 3306  Unix socket: /var/lib/mysql/mysql.sock
Time                 Id Command    Argument
/usr/sbin/mysqld, Version: 8.0.29-21 (Percona Server (GPL), Release 21, Revision c59f87d2854), Time: 2022-11-19T22:47:33.223724+08:00. started with:
Tcp port: 3306  Unix socket: /var/lib/mysql/mysql.sock
Time                 Id Command    Argument
/usr/sbin/mysqld, Version: 8.0.29-21 (Percona Server (GPL), Release 21, Revision c59f87d2854), Time: 2022-11-19T22:47:43.163832+08:00. started with:
Tcp port: 3306  Unix socket: /var/lib/mysql/mysql.sock
Time                 Id Command    Argument
/usr/sbin/mysqld, Version: 8.0.29-21 (Percona Server (GPL), Release 21, Revision c59f87d2854), Time: 2022-11-19T22:47:58.801286+08:00. started with:
Tcp port: 3306  Unix socket: /var/lib/mysql/mysql.sock
Time                 Id Command    Argument
/usr/sbin/mysqld, Version: 8.0.29-21 (Percona Server (GPL), Release 21, Revision c59f87d2854), Time: 2022-11-19T22:49:11.665992+08:00. started with:
Tcp port: 0  Unix socket: /var/lib/mysql/mysql.sock
Time                 Id Command    Argument
/usr/sbin/mysqld, Version: 8.0.29-21 (Percona Server (GPL), Release 21, Revision c59f87d2854), Time: 2022-11-19T22:49:16.237182+08:00. started with:
Tcp port: 3306  Unix socket: /var/lib/mysql/mysql.sock
Time                 Id Command    Argument
/usr/sbin/mysqld, Version: 8.0.29-21 (Percona Server (GPL), Release 21, Revision c59f87d2854), Time: 2022-11-19T22:49:19.324054+08:00. started with:
Tcp port: 3306  Unix socket: /var/lib/mysql/mysql.sock
Time                 Id Command    Argument
/usr/sbin/mysqld, Version: 8.0.29-21 (Percona Server (GPL), Release 21, Revision c59f87d2854), Time: 2022-11-19T22:49:22.496018+08:00. started with:
Tcp port: 3306  Unix socket: /var/lib/mysql/mysql.sock
Time                 Id Command    Argument
/usr/sbin/mysqld, Version: 8.0.29-21 (Percona Server (GPL), Release 21, Revision c59f87d2854), Time: 2022-11-19T22:49:26.043571+08:00. started with:
Tcp port: 3306  Unix socket: /var/lib/mysql/mysql.sock
Time                 Id Command    Argument
/usr/sbin/mysqld, Version: 8.0.29-21 (Percona Server (GPL), Release 21, Revision c59f87d2854), Time: 2022-11-19T22:49:30.331777+08:00. started with:
Tcp port: 3306  Unix socket: /var/lib/mysql/mysql.sock
Time                 Id Command    Argument
/usr/sbin/mysqld, Version: 8.0.29-21 (Percona Server (GPL), Release 21, Revision c59f87d2854), Time: 2022-11-19T22:49:36.043112+08:00. started with:
Tcp port: 3306  Unix socket: /var/lib/mysql/mysql.sock
Time                 Id Command    Argument
/usr/sbin/mysqld, Version: 8.0.29-21 (Percona Server (GPL), Release 21, Revision c59f87d2854), Time: 2022-11-19T22:49:45.062749+08:00. started with:
Tcp port: 3306  Unix socket: /var/lib/mysql/mysql.sock
Time                 Id Command    Argument
/usr/sbin/mysqld, Version: 8.0.29-21 (Percona Server (GPL), Release 21, Revision c59f87d2854), Time: 2022-11-19T22:50:00.440789+08:00. started with:
Tcp port: 3306  Unix socket: /var/lib/mysql/mysql.sock
Time                 Id Command    Argument
/usr/sbin/mysqld, Version: 8.0.29-21 (Percona Server (GPL), Release 21, Revision c59f87d2854), Time: 2022-11-19T22:50:21.521017+08:00. started with:
Tcp port: 0  Unix socket: /var/lib/mysql/mysql.sock
Time                 Id Command    Argument
/usr/sbin/mysqld, Version: 8.0.29-21 (Percona Server (GPL), Release 21, Revision c59f87d2854), Time: 2022-11-19T22:50:26.963717+08:00. started with:
Tcp port: 3306  Unix socket: /var/lib/mysql/mysql.sock
Time                 Id Command    Argument
/usr/sbin/mysqld, Version: 8.0.29-21 (Percona Server (GPL), Release 21, Revision c59f87d2854), Time: 2022-11-19T22:50:30.575021+08:00. started with:
Tcp port: 3306  Unix socket: /var/lib/mysql/mysql.sock
Time                 Id Command    Argument
/usr/sbin/mysqld, Version: 8.0.29-21 (Percona Server (GPL), Release 21, Revision c59f87d2854), Time: 2022-11-19T22:50:33.732922+08:00. started with:
Tcp port: 3306  Unix socket: /var/lib/mysql/mysql.sock
Time                 Id Command    Argument
/usr/sbin/mysqld, Version: 8.0.29-21 (Percona Server (GPL), Release 21, Revision c59f87d2854), Time: 2022-11-19T22:50:37.286845+08:00. started with:
Tcp port: 3306  Unix socket: /var/lib/mysql/mysql.sock
Time                 Id Command    Argument
/usr/sbin/mysqld, Version: 8.0.29-21 (Percona Server (GPL), Release 21, Revision c59f87d2854), Time: 2022-11-19T22:50:41.663195+08:00. started with:
Tcp port: 3306  Unix socket: /var/lib/mysql/mysql.sock
Time                 Id Command    Argument
/usr/sbin/mysqld, Version: 8.0.29-21 (Percona Server (GPL), Release 21, Revision c59f87d2854), Time: 2022-11-19T22:50:47.622683+08:00. started with:
Tcp port: 3306  Unix socket: /var/lib/mysql/mysql.sock
Time                 Id Command    Argument
/usr/sbin/mysqld, Version: 8.0.29-21 (Percona Server (GPL), Release 21, Revision c59f87d2854), Time: 2022-11-19T22:50:56.535279+08:00. started with:
Tcp port: 3306  Unix socket: /var/lib/mysql/mysql.sock
Time                 Id Command    Argument
/usr/sbin/mysqld, Version: 8.0.29-21 (Percona Server (GPL), Release 21, Revision c59f87d2854), Time: 2022-11-19T22:51:11.966771+08:00. started with:
Tcp port: 3306  Unix socket: /var/lib/mysql/mysql.sock
Time                 Id Command    Argument
/usr/sbin/mysqld, Version: 8.0.29-21 (Percona Server (GPL), Release 21, Revision c59f87d2854), Time: 2022-11-19T22:51:40.148121+08:00. started with:
Tcp port: 3306  Unix socket: /var/lib/mysql/mysql.sock
Time                 Id Command    Argument
/usr/sbin/mysqld, Version: 8.0.29-21 (Percona Server (GPL), Release 21, Revision c59f87d2854), Time: 2022-11-19T22:52:33.952989+08:00. started with:
Tcp port: 3306  Unix socket: /var/lib/mysql/mysql.sock
Time                 Id Command    Argument
/usr/sbin/mysqld, Version: 8.0.29-21 (Percona Server (GPL), Release 21, Revision c59f87d2854), Time: 2022-11-19T22:53:37.974652+08:00. started with:
Tcp port: 3306  Unix socket: /var/lib/mysql/mysql.sock
Time                 Id Command    Argument
/usr/sbin/mysqld, Version: 8.0.29-21 (Percona Server (GPL), Release 21, Revision c59f87d2854), Time: 2022-11-19T22:53:55.710235+08:00. started with:
Tcp port: 0  Unix socket: /var/lib/mysql/mysql.sock
Time                 Id Command    Argument
/usr/sbin/mysqld, Version: 8.0.29-21 (Percona Server (GPL), Release 21, Revision c59f87d2854), Time: 2022-11-19T22:54:03.769685+08:00. started with:
Tcp port: 0  Unix socket: /var/lib/mysql/mysql.sock
Time                 Id Command    Argument
/usr/sbin/mysqld, Version: 8.0.29-21 (Percona Server (GPL), Release 21, Revision c59f87d2854), Time: 2022-11-19T22:54:09.871430+08:00. started with:
Tcp port: 3306  Unix socket: /var/lib/mysql/mysql.sock
Time                 Id Command    Argument
/usr/sbin/mysqld, Version: 8.0.29-21 (Percona Server (GPL), Release 21, Revision c59f87d2854), Time: 2022-11-19T22:57:40.548825+08:00. started with:
Tcp port: 0  Unix socket: /var/lib/mysql/mysql.sock
Time                 Id Command    Argument
/usr/sbin/mysqld, Version: 8.0.29-21 (Percona Server (GPL), Release 21, Revision c59f87d2854), Time: 2022-11-19T22:57:45.516032+08:00. started with:
Tcp port: 3306  Unix socket: /var/lib/mysql/mysql.sock
Time                 Id Command    Argument
/usr/sbin/mysqld, Version: 8.0.29-21 (Percona Server (GPL), Release 21, Revision c59f87d2854), Time: 2022-11-19T22:57:49.013936+08:00. started with:
Tcp port: 3306  Unix socket: /var/lib/mysql/mysql.sock
Time                 Id Command    Argument
/usr/sbin/mysqld, Version: 8.0.29-21 (Percona Server (GPL), Release 21, Revision c59f87d2854), Time: 2022-11-19T22:57:52.122585+08:00. started with:
Tcp port: 3306  Unix socket: /var/lib/mysql/mysql.sock
Time                 Id Command    Argument
/usr/sbin/mysqld, Version: 8.0.29-21 (Percona Server (GPL), Release 21, Revision c59f87d2854), Time: 2022-11-19T22:57:55.653476+08:00. started with:
Tcp port: 3306  Unix socket: /var/lib/mysql/mysql.sock
Time                 Id Command    Argument
/usr/sbin/mysqld, Version: 8.0.29-21 (Percona Server (GPL), Release 21, Revision c59f87d2854), Time: 2022-11-19T22:58:00.064994+08:00. started with:
Tcp port: 3306  Unix socket: /var/lib/mysql/mysql.sock
Time                 Id Command    Argument
/usr/sbin/mysqld, Version: 8.0.29-21 (Percona Server (GPL), Release 21, Revision c59f87d2854), Time: 2022-11-19T22:58:06.152751+08:00. started with:
Tcp port: 3306  Unix socket: /var/lib/mysql/mysql.sock
Time                 Id Command    Argument
/usr/sbin/mysqld, Version: 8.0.29-21 (Percona Server (GPL), Release 21, Revision c59f87d2854), Time: 2022-11-19T22:58:15.113968+08:00. started with:
Tcp port: 3306  Unix socket: /var/lib/mysql/mysql.sock
Time                 Id Command    Argument
/usr/sbin/mysqld, Version: 8.0.29-21 (Percona Server (GPL), Release 21, Revision c59f87d2854), Time: 2022-11-19T22:58:30.441719+08:00. started with:
Tcp port: 3306  Unix socket: /var/lib/mysql/mysql.sock
Time                 Id Command    Argument
/usr/sbin/mysqld, Version: 8.0.29-21 (Percona Server (GPL), Release 21, Revision c59f87d2854), Time: 2022-11-19T22:58:58.581295+08:00. started with:
Tcp port: 3306  Unix socket: /var/lib/mysql/mysql.sock
Time                 Id Command    Argument
/usr/sbin/mysqld, Version: 8.0.29-21 (Percona Server (GPL), Release 21, Revision c59f87d2854), Time: 2022-11-19T22:59:46.080993+08:00. started with:
Tcp port: 0  Unix socket: /var/lib/mysql/mysql.sock
Time                 Id Command    Argument
/usr/sbin/mysqld, Version: 8.0.29-21 (Percona Server (GPL), Release 21, Revision c59f87d2854), Time: 2022-11-19T23:10:54.137852+08:00. started with:
Tcp port: 0  Unix socket: /var/lib/mysql/mysql.sock
Time                 Id Command    Argument
/usr/sbin/mysqld, Version: 8.0.29-21 (Percona Server (GPL), Release 21, Revision c59f87d2854), Time: 2022-11-19T23:10:59.469468+08:00. started with:
Tcp port: 3306  Unix socket: /var/lib/mysql/mysql.sock
Time                 Id Command    Argument
/usr/sbin/mysqld, Version: 8.0.29-21 (Percona Server (GPL), Release 21, Revision c59f87d2854), Time: 2022-11-19T23:11:02.965891+08:00. started with:
Tcp port: 3306  Unix socket: /var/lib/mysql/mysql.sock
Time                 Id Command    Argument
/usr/sbin/mysqld, Version: 8.0.29-21 (Percona Server (GPL), Release 21, Revision c59f87d2854), Time: 2022-11-19T23:11:06.027848+08:00. started with:
Tcp port: 3306  Unix socket: /var/lib/mysql/mysql.sock
Time                 Id Command    Argument
/usr/sbin/mysqld, Version: 8.0.29-21 (Percona Server (GPL), Release 21, Revision c59f87d2854), Time: 2022-11-19T23:11:09.467528+08:00. started with:
Tcp port: 3306  Unix socket: /var/lib/mysql/mysql.sock
Time                 Id Command    Argument
/usr/sbin/mysqld, Version: 8.0.29-21 (Percona Server (GPL), Release 21, Revision c59f87d2854), Time: 2022-11-19T23:11:13.895486+08:00. started with:
Tcp port: 3306  Unix socket: /var/lib/mysql/mysql.sock
Time                 Id Command    Argument
/usr/sbin/mysqld, Version: 8.0.29-21 (Percona Server (GPL), Release 21, Revision c59f87d2854), Time: 2022-11-19T23:11:20.093781+08:00. started with:
Tcp port: 3306  Unix socket: /var/lib/mysql/mysql.sock
Time                 Id Command    Argument
/usr/sbin/mysqld, Version: 8.0.29-21 (Percona Server (GPL), Release 21, Revision c59f87d2854), Time: 2022-11-19T23:11:29.155975+08:00. started with:
Tcp port: 3306  Unix socket: /var/lib/mysql/mysql.sock
Time                 Id Command    Argument
/usr/sbin/mysqld, Version: 8.0.29-21 (Percona Server (GPL), Release 21, Revision c59f87d2854), Time: 2022-11-19T23:11:44.491603+08:00. started with:
Tcp port: 3306  Unix socket: /var/lib/mysql/mysql.sock
Time                 Id Command    Argument
/usr/sbin/mysqld, Version: 8.0.29-21 (Percona Server (GPL), Release 21, Revision c59f87d2854), Time: 2022-11-19T23:12:12.623746+08:00. started with:
Tcp port: 3306  Unix socket: /var/lib/mysql/mysql.sock
Time                 Id Command    Argument
/usr/sbin/mysqld, Version: 8.0.29-21 (Percona Server (GPL), Release 21, Revision c59f87d2854), Time: 2022-11-19T23:13:06.344937+08:00. started with:
Tcp port: 3306  Unix socket: /var/lib/mysql/mysql.sock
Time                 Id Command    Argument
/usr/sbin/mysqld, Version: 8.0.29-21 (Percona Server (GPL), Release 21, Revision c59f87d2854), Time: 2022-11-19T23:14:08.990872+08:00. started with:
Tcp port: 3306  Unix socket: /var/lib/mysql/mysql.sock
Time                 Id Command    Argument
/usr/sbin/mysqld, Version: 8.0.29-21 (Percona Server (GPL), Release 21, Revision c59f87d2854), Time: 2022-11-19T23:15:11.529884+08:00. started with:
Tcp port: 3306  Unix socket: /var/lib/mysql/mysql.sock
Time                 Id Command    Argument
/usr/sbin/mysqld, Version: 8.0.29-21 (Percona Server (GPL), Release 21, Revision c59f87d2854), Time: 2022-11-19T23:16:14.075785+08:00. started with:
Tcp port: 3306  Unix socket: /var/lib/mysql/mysql.sock
Time                 Id Command    Argument
/usr/sbin/mysqld, Version: 8.0.29-21 (Percona Server (GPL), Release 21, Revision c59f87d2854), Time: 2022-11-19T23:22:18.540227+08:00. started with:
Tcp port: 0  Unix socket: /var/lib/mysql/mysql.sock
Time                 Id Command    Argument
/usr/sbin/mysqld, Version: 8.0.29-21 (Percona Server (GPL), Release 21, Revision c59f87d2854), Time: 2022-11-19T23:22:27.058823+08:00. started with:
Tcp port: 0  Unix socket: /var/lib/mysql/mysql.sock
Time                 Id Command    Argument
/usr/sbin/mysqld, Version: 8.0.29-21 (Percona Server (GPL), Release 21, Revision c59f87d2854), Time: 2022-11-19T23:22:34.213199+08:00. started with:
Tcp port: 3306  Unix socket: /var/lib/mysql/mysql.sock
Time                 Id Command    Argument
/usr/sbin/mysqld, Version: 8.0.29-21 (Percona Server (GPL), Release 21, Revision c59f87d2854), Time: 2022-11-20T00:59:25.212881+08:00. started with:
Tcp port: 0  Unix socket: /var/lib/mysql/mysql.sock
Time                 Id Command    Argument
/usr/sbin/mysqld, Version: 8.0.29-21 (Percona Server (GPL), Release 21, Revision c59f87d2854), Time: 2022-11-20T00:59:32.242412+08:00. started with:
Tcp port: 0  Unix socket: /var/lib/mysql/mysql.sock
Time                 Id Command    Argument
/usr/sbin/mysqld, Version: 8.0.29-21 (Percona Server (GPL), Release 21, Revision c59f87d2854), Time: 2022-11-20T00:59:39.252677+08:00. started with:
Tcp port: 3306  Unix socket: /var/lib/mysql/mysql.sock
Time                 Id Command    Argument
/usr/sbin/mysqld, Version: 8.0.29-21 (Percona Server (GPL), Release 21, Revision c59f87d2854), Time: 2022-11-20T01:06:50.669657+08:00. started with:
Tcp port: 0  Unix socket: /var/lib/mysql/mysql.sock
Time                 Id Command    Argument
/usr/sbin/mysqld, Version: 8.0.29-21 (Percona Server (GPL), Release 21, Revision c59f87d2854), Time: 2022-11-20T01:06:58.536502+08:00. started with:
Tcp port: 0  Unix socket: /var/lib/mysql/mysql.sock
Time                 Id Command    Argument
/usr/sbin/mysqld, Version: 8.0.29-21 (Percona Server (GPL), Release 21, Revision c59f87d2854), Time: 2022-11-20T01:07:05.748876+08:00. started with:
Tcp port: 3306  Unix socket: /var/lib/mysql/mysql.sock
Time                 Id Command    Argument
/usr/sbin/mysqld, Version: 8.0.29-21 (Percona Server (GPL), Release 21, Revision c59f87d2854), Time: 2022-11-20T01:08:08.389887+08:00. started with:
Tcp port: 0  Unix socket: /var/lib/mysql/mysql.sock
Time                 Id Command    Argument
/usr/sbin/mysqld, Version: 8.0.29-21 (Percona Server (GPL), Release 21, Revision c59f87d2854), Time: 2022-11-20T01:08:16.277820+08:00. started with:
Tcp port: 0  Unix socket: /var/lib/mysql/mysql.sock
Time                 Id Command    Argument
/usr/sbin/mysqld, Version: 8.0.29-21 (Percona Server (GPL), Release 21, Revision c59f87d2854), Time: 2022-11-20T01:08:23.469725+08:00. started with:
Tcp port: 3306  Unix socket: /var/lib/mysql/mysql.sock
Time                 Id Command    Argument
/usr/sbin/mysqld, Version: 8.0.29-21 (Percona Server (GPL), Release 21, Revision c59f87d2854), Time: 2022-11-20T01:09:01.575356+08:00. started with:
Tcp port: 0  Unix socket: /var/lib/mysql/mysql.sock
Time                 Id Command    Argument
/usr/sbin/mysqld, Version: 8.0.29-21 (Percona Server (GPL), Release 21, Revision c59f87d2854), Time: 2022-11-20T01:09:08.546712+08:00. started with:
Tcp port: 0  Unix socket: /var/lib/mysql/mysql.sock
Time                 Id Command    Argument
/usr/sbin/mysqld, Version: 8.0.29-21 (Percona Server (GPL), Release 21, Revision c59f87d2854), Time: 2022-11-20T01:09:15.951707+08:00. started with:
Tcp port: 3306  Unix socket: /var/lib/mysql/mysql.sock
Time                 Id Command    Argument
/usr/sbin/mysqld, Version: 8.0.29-21 (Percona Server (GPL), Release 21, Revision c59f87d2854), Time: 2022-11-20T01:11:08.906293+08:00. started with:
Tcp port: 0  Unix socket: /var/lib/mysql/mysql.sock
Time                 Id Command    Argument
/usr/sbin/mysqld, Version: 8.0.29-21 (Percona Server (GPL), Release 21, Revision c59f87d2854), Time: 2022-11-20T01:11:16.305725+08:00. started with:
Tcp port: 0  Unix socket: /var/lib/mysql/mysql.sock
Time                 Id Command    Argument
/usr/sbin/mysqld, Version: 8.0.29-21 (Percona Server (GPL), Release 21, Revision c59f87d2854), Time: 2022-11-20T01:11:23.456056+08:00. started with:
Tcp port: 3306  Unix socket: /var/lib/mysql/mysql.sock
Time                 Id Command    Argument
/usr/sbin/mysqld, Version: 8.0.29-21 (Percona Server (GPL), Release 21, Revision c59f87d2854), Time: 2022-11-20T01:13:42.996875+08:00. started with:
Tcp port: 0  Unix socket: /var/lib/mysql/mysql.sock
Time                 Id Command    Argument
/usr/sbin/mysqld, Version: 8.0.29-21 (Percona Server (GPL), Release 21, Revision c59f87d2854), Time: 2022-11-20T01:13:50.003827+08:00. started with:
Tcp port: 0  Unix socket: /var/lib/mysql/mysql.sock
Time                 Id Command    Argument
/usr/sbin/mysqld, Version: 8.0.29-21 (Percona Server (GPL), Release 21, Revision c59f87d2854), Time: 2022-11-20T01:13:57.990317+08:00. started with:
Tcp port: 3306  Unix socket: /var/lib/mysql/mysql.sock
Time                 Id Command    Argument
/usr/sbin/mysqld, Version: 8.0.29-21 (Percona Server (GPL), Release 21, Revision c59f87d2854), Time: 2022-11-20T01:19:58.869747+08:00. started with:
Tcp port: 0  Unix socket: /var/lib/mysql/mysql.sock
Time                 Id Command    Argument
/usr/sbin/mysqld, Version: 8.0.29-21 (Percona Server (GPL), Release 21, Revision c59f87d2854), Time: 2022-11-20T01:20:07.114010+08:00. started with:
Tcp port: 0  Unix socket: /var/lib/mysql/mysql.sock
Time                 Id Command    Argument
/usr/sbin/mysqld, Version: 8.0.29-21 (Percona Server (GPL), Release 21, Revision c59f87d2854), Time: 2022-11-20T01:20:14.614018+08:00. started with:
Tcp port: 3306  Unix socket: /var/lib/mysql/mysql.sock
Time                 Id Command    Argument
/usr/sbin/mysqld, Version: 8.0.29-21 (Percona Server (GPL), Release 21, Revision c59f87d2854), Time: 2022-11-20T01:30:16.039749+08:00. started with:
Tcp port: 0  Unix socket: /var/lib/mysql/mysql.sock
Time                 Id Command    Argument
/usr/sbin/mysqld, Version: 8.0.29-21 (Percona Server (GPL), Release 21, Revision c59f87d2854), Time: 2022-11-20T01:30:23.336094+08:00. started with:
Tcp port: 0  Unix socket: /var/lib/mysql/mysql.sock
Time                 Id Command    Argument
/usr/sbin/mysqld, Version: 8.0.29-21 (Percona Server (GPL), Release 21, Revision c59f87d2854), Time: 2022-11-20T01:30:31.013534+08:00. started with:
Tcp port: 3306  Unix socket: /var/lib/mysql/mysql.sock
Time                 Id Command    Argument
/usr/sbin/mysqld, Version: 8.0.29-21 (Percona Server (GPL), Release 21, Revision c59f87d2854), Time: 2022-11-20T01:32:14.397155+08:00. started with:
Tcp port: 0  Unix socket: /var/lib/mysql/mysql.sock
Time                 Id Command    Argument
/usr/sbin/mysqld, Version: 8.0.29-21 (Percona Server (GPL), Release 21, Revision c59f87d2854), Time: 2022-11-20T01:32:22.648047+08:00. started with:
Tcp port: 0  Unix socket: /var/lib/mysql/mysql.sock
Time                 Id Command    Argument
/usr/sbin/mysqld, Version: 8.0.29-21 (Percona Server (GPL), Release 21, Revision c59f87d2854), Time: 2022-11-20T01:32:29.817448+08:00. started with:
Tcp port: 3306  Unix socket: /var/lib/mysql/mysql.sock
Time                 Id Command    Argument
/usr/sbin/mysqld, Version: 8.0.29-21 (Percona Server (GPL), Release 21, Revision c59f87d2854), Time: 2022-11-20T01:33:11.828785+08:00. started with:
Tcp port: 0  Unix socket: /var/lib/mysql/mysql.sock
Time                 Id Command    Argument
/usr/sbin/mysqld, Version: 8.0.29-21 (Percona Server (GPL), Release 21, Revision c59f87d2854), Time: 2022-11-20T01:33:18.952551+08:00. started with:
Tcp port: 0  Unix socket: /var/lib/mysql/mysql.sock
Time                 Id Command    Argument
/usr/sbin/mysqld, Version: 8.0.29-21 (Percona Server (GPL), Release 21, Revision c59f87d2854), Time: 2022-11-20T01:33:26.242553+08:00. started with:
Tcp port: 3306  Unix socket: /var/lib/mysql/mysql.sock
Time                 Id Command    Argument
/usr/sbin/mysqld, Version: 8.0.29-21 (Percona Server (GPL), Release 21, Revision c59f87d2854), Time: 2022-11-20T01:33:43.498568+08:00. started with:
Tcp port: 0  Unix socket: /var/lib/mysql/mysql.sock
Time                 Id Command    Argument
/usr/sbin/mysqld, Version: 8.0.29-21 (Percona Server (GPL), Release 21, Revision c59f87d2854), Time: 2022-11-20T01:34:26.886302+08:00. started with:
Tcp port: 0  Unix socket: /var/lib/mysql/mysql.sock
Time                 Id Command    Argument
/usr/sbin/mysqld, Version: 8.0.29-21 (Percona Server (GPL), Release 21, Revision c59f87d2854), Time: 2022-11-20T01:34:58.527157+08:00. started with:
Tcp port: 0  Unix socket: /var/lib/mysql/mysql.sock
Time                 Id Command    Argument
/usr/sbin/mysqld, Version: 8.0.29-21 (Percona Server (GPL), Release 21, Revision c59f87d2854), Time: 2022-11-20T01:35:05.555104+08:00. started with:
Tcp port: 0  Unix socket: /var/lib/mysql/mysql.sock
Time                 Id Command    Argument
/usr/sbin/mysqld, Version: 8.0.29-21 (Percona Server (GPL), Release 21, Revision c59f87d2854), Time: 2022-11-20T01:35:48.874753+08:00. started with:
Tcp port: 0  Unix socket: /var/lib/mysql/mysql.sock
Time                 Id Command    Argument
/usr/sbin/mysqld, Version: 8.0.29-21 (Percona Server (GPL), Release 21, Revision c59f87d2854), Time: 2022-11-20T01:35:56.796602+08:00. started with:
Tcp port: 0  Unix socket: /var/lib/mysql/mysql.sock
Time                 Id Command    Argument
/usr/sbin/mysqld, Version: 8.0.29-21 (Percona Server (GPL), Release 21, Revision c59f87d2854), Time: 2022-11-20T01:36:05.224432+08:00. started with:
Tcp port: 3306  Unix socket: /var/lib/mysql/mysql.sock
Time                 Id Command    Argument
/usr/sbin/mysqld, Version: 8.0.29-21 (Percona Server (GPL), Release 21, Revision c59f87d2854), Time: 2022-11-20T01:36:23.936465+08:00. started with:
Tcp port: 0  Unix socket: /var/lib/mysql/mysql.sock
Time                 Id Command    Argument
/usr/sbin/mysqld, Version: 8.0.29-21 (Percona Server (GPL), Release 21, Revision c59f87d2854), Time: 2022-11-20T01:36:31.696685+08:00. started with:
Tcp port: 0  Unix socket: /var/lib/mysql/mysql.sock
Time                 Id Command    Argument
/usr/sbin/mysqld, Version: 8.0.29-21 (Percona Server (GPL), Release 21, Revision c59f87d2854), Time: 2022-11-20T01:36:38.973886+08:00. started with:
Tcp port: 3306  Unix socket: /var/lib/mysql/mysql.sock
Time                 Id Command    Argument
/usr/sbin/mysqld, Version: 8.0.29-21 (Percona Server (GPL), Release 21, Revision c59f87d2854), Time: 2022-11-20T01:40:42.766774+08:00. started with:
Tcp port: 0  Unix socket: /var/lib/mysql/mysql.sock
Time                 Id Command    Argument
/usr/sbin/mysqld, Version: 8.0.29-21 (Percona Server (GPL), Release 21, Revision c59f87d2854), Time: 2022-11-20T01:40:50.095119+08:00. started with:
Tcp port: 0  Unix socket: /var/lib/mysql/mysql.sock
Time                 Id Command    Argument
/usr/sbin/mysqld, Version: 8.0.29-21 (Percona Server (GPL), Release 21, Revision c59f87d2854), Time: 2022-11-20T01:40:57.244629+08:00. started with:
Tcp port: 3306  Unix socket: /var/lib/mysql/mysql.sock
Time                 Id Command    Argument
/usr/sbin/mysqld, Version: 8.0.29-21 (Percona Server (GPL), Release 21, Revision c59f87d2854), Time: 2022-11-20T01:41:45.501023+08:00. started with:
Tcp port: 0  Unix socket: /var/lib/mysql/mysql.sock
Time                 Id Command    Argument
/usr/sbin/mysqld, Version: 8.0.29-21 (Percona Server (GPL), Release 21, Revision c59f87d2854), Time: 2022-11-20T01:41:53.358539+08:00. started with:
Tcp port: 0  Unix socket: /var/lib/mysql/mysql.sock
Time                 Id Command    Argument
/usr/sbin/mysqld, Version: 8.0.29-21 (Percona Server (GPL), Release 21, Revision c59f87d2854), Time: 2022-11-20T01:42:57.350960+08:00. started with:
Tcp port: 0  Unix socket: /var/lib/mysql/mysql.sock
Time                 Id Command    Argument
/usr/sbin/mysqld, Version: 8.0.29-21 (Percona Server (GPL), Release 21, Revision c59f87d2854), Time: 2022-11-20T01:43:05.328380+08:00. started with:
Tcp port: 0  Unix socket: /var/lib/mysql/mysql.sock
Time                 Id Command    Argument
/usr/sbin/mysqld, Version: 8.0.29-21 (Percona Server (GPL), Release 21, Revision c59f87d2854), Time: 2022-11-20T01:43:13.192817+08:00. started with:
Tcp port: 3306  Unix socket: /var/lib/mysql/mysql.sock
Time                 Id Command    Argument
/usr/sbin/mysqld, Version: 8.0.29-21 (Percona Server (GPL), Release 21, Revision c59f87d2854), Time: 2022-11-20T01:45:00.354427+08:00. started with:
Tcp port: 0  Unix socket: /var/lib/mysql/mysql.sock
Time                 Id Command    Argument
/usr/sbin/mysqld, Version: 8.0.29-21 (Percona Server (GPL), Release 21, Revision c59f87d2854), Time: 2022-11-20T01:45:06.874935+08:00. started with:
Tcp port: 0  Unix socket: /var/lib/mysql/mysql.sock
Time                 Id Command    Argument
/usr/sbin/mysqld, Version: 8.0.29-21 (Percona Server (GPL), Release 21, Revision c59f87d2854), Time: 2022-11-20T01:45:15.200830+08:00. started with:
Tcp port: 3306  Unix socket: /var/lib/mysql/mysql.sock
Time                 Id Command    Argument
/usr/sbin/mysqld, Version: 8.0.29-21 (Percona Server (GPL), Release 21, Revision c59f87d2854), Time: 2022-11-20T01:48:32.887881+08:00. started with:
Tcp port: 0  Unix socket: /var/lib/mysql/mysql.sock
Time                 Id Command    Argument
/usr/sbin/mysqld, Version: 8.0.29-21 (Percona Server (GPL), Release 21, Revision c59f87d2854), Time: 2022-11-20T01:48:39.615587+08:00. started with:
Tcp port: 0  Unix socket: /var/lib/mysql/mysql.sock
Time                 Id Command    Argument
/usr/sbin/mysqld, Version: 8.0.29-21 (Percona Server (GPL), Release 21, Revision c59f87d2854), Time: 2022-11-20T01:48:47.645499+08:00. started with:
Tcp port: 3306  Unix socket: /var/lib/mysql/mysql.sock
Time                 Id Command    Argument
/usr/sbin/mysqld, Version: 8.0.29-21 (Percona Server (GPL), Release 21, Revision c59f87d2854), Time: 2022-11-20T01:49:52.022322+08:00. started with:
Tcp port: 0  Unix socket: /var/lib/mysql/mysql.sock
Time                 Id Command    Argument
/usr/sbin/mysqld, Version: 8.0.29-21 (Percona Server (GPL), Release 21, Revision c59f87d2854), Time: 2022-11-20T01:49:58.915394+08:00. started with:
Tcp port: 0  Unix socket: /var/lib/mysql/mysql.sock
Time                 Id Command    Argument
/usr/sbin/mysqld, Version: 8.0.29-21 (Percona Server (GPL), Release 21, Revision c59f87d2854), Time: 2022-11-20T01:50:06.765020+08:00. started with:
Tcp port: 3306  Unix socket: /var/lib/mysql/mysql.sock
Time                 Id Command    Argument
/usr/sbin/mysqld, Version: 8.0.29-21 (Percona Server (GPL), Release 21, Revision c59f87d2854), Time: 2022-11-20T01:51:10.268255+08:00. started with:
Tcp port: 0  Unix socket: /var/lib/mysql/mysql.sock
Time                 Id Command    Argument
/usr/sbin/mysqld, Version: 8.0.29-21 (Percona Server (GPL), Release 21, Revision c59f87d2854), Time: 2022-11-20T01:51:17.977398+08:00. started with:
Tcp port: 0  Unix socket: /var/lib/mysql/mysql.sock
Time                 Id Command    Argument
/usr/sbin/mysqld, Version: 8.0.29-21 (Percona Server (GPL), Release 21, Revision c59f87d2854), Time: 2022-11-20T01:51:25.174454+08:00. started with:
Tcp port: 3306  Unix socket: /var/lib/mysql/mysql.sock
Time                 Id Command    Argument
/usr/sbin/mysqld, Version: 8.0.29-21 (Percona Server (GPL), Release 21, Revision c59f87d2854), Time: 2022-11-20T02:04:33.256467+08:00. started with:
Tcp port: 0  Unix socket: /var/lib/mysql/mysql.sock
Time                 Id Command    Argument
/usr/sbin/mysqld, Version: 8.0.29-21 (Percona Server (GPL), Release 21, Revision c59f87d2854), Time: 2022-11-20T02:04:41.708785+08:00. started with:
Tcp port: 0  Unix socket: /var/lib/mysql/mysql.sock
Time                 Id Command    Argument
/usr/sbin/mysqld, Version: 8.0.29-21 (Percona Server (GPL), Release 21, Revision c59f87d2854), Time: 2022-11-20T02:04:51.834240+08:00. started with:
Tcp port: 3306  Unix socket: /var/lib/mysql/mysql.sock
Time                 Id Command    Argument
/usr/sbin/mysqld, Version: 8.0.29-21 (Percona Server (GPL), Release 21, Revision c59f87d2854), Time: 2022-11-20T02:39:33.669866+08:00. started with:
Tcp port: 0  Unix socket: /var/lib/mysql/mysql.sock
Time                 Id Command    Argument
/usr/sbin/mysqld, Version: 8.0.29-21 (Percona Server (GPL), Release 21, Revision c59f87d2854), Time: 2022-11-20T02:39:42.106341+08:00. started with:
Tcp port: 0  Unix socket: /var/lib/mysql/mysql.sock
Time                 Id Command    Argument
/usr/sbin/mysqld, Version: 8.0.29-21 (Percona Server (GPL), Release 21, Revision c59f87d2854), Time: 2022-11-20T02:39:52.060014+08:00. started with:
Tcp port: 3306  Unix socket: /var/lib/mysql/mysql.sock
Time                 Id Command    Argument
# Time: 2022-11-20T02:53:51.162133+08:00
# User@Host: root[root] @  [172.21.0.4]  Id:    42
# Schema:   Last_errno: 0  Killed: 0
# Query_time: 10.000431  Lock_time: 0.000000  Rows_sent: 1  Rows_examined: 1  Rows_affected: 0  Bytes_sent: 64
SET timestamp=1668884021;
select sleep(10);
/usr/sbin/mysqld, Version: 8.0.29-21 (Percona Server (GPL), Release 21, Revision c59f87d2854), Time: 2022-11-20T02:58:18.219272+08:00. started with:
Tcp port: 0  Unix socket: /var/lib/mysql/mysql.sock
Time                 Id Command    Argument
/usr/sbin/mysqld, Version: 8.0.29-21 (Percona Server (GPL), Release 21, Revision c59f87d2854), Time: 2022-11-20T02:58:26.063318+08:00. started with:
Tcp port: 0  Unix socket: /var/lib/mysql/mysql.sock
Time                 Id Command    Argument
/usr/sbin/mysqld, Version: 8.0.29-21 (Percona Server (GPL), Release 21, Revision c59f87d2854), Time: 2022-11-20T02:58:33.075641+08:00. started with:
Tcp port: 3306  Unix socket: /var/lib/mysql/mysql.sock
Time                 Id Command    Argument
/usr/sbin/mysqld, Version: 8.0.29-21 (Percona Server (GPL), Release 21, Revision c59f87d2854), Time: 2022-11-20T03:08:29.746180+08:00. started with:
Tcp port: 0  Unix socket: /var/lib/mysql/mysql.sock
Time                 Id Command    Argument
/usr/sbin/mysqld, Version: 8.0.29-21 (Percona Server (GPL), Release 21, Revision c59f87d2854), Time: 2022-11-20T03:08:37.276631+08:00. started with:
Tcp port: 0  Unix socket: /var/lib/mysql/mysql.sock
Time                 Id Command    Argument
/usr/sbin/mysqld, Version: 8.0.29-21 (Percona Server (GPL), Release 21, Revision c59f87d2854), Time: 2022-11-20T03:08:46.932641+08:00. started with:
Tcp port: 3306  Unix socket: /var/lib/mysql/mysql.sock
Time                 Id Command    Argument
/usr/sbin/mysqld, Version: 8.0.29-21 (Percona Server (GPL), Release 21, Revision c59f87d2854), Time: 2022-11-20T03:09:59.700949+08:00. started with:
Tcp port: 0  Unix socket: /var/lib/mysql/mysql.sock
Time                 Id Command    Argument
/usr/sbin/mysqld, Version: 8.0.29-21 (Percona Server (GPL), Release 21, Revision c59f87d2854), Time: 2022-11-20T03:10:07.645143+08:00. started with:
Tcp port: 0  Unix socket: /var/lib/mysql/mysql.sock
Time                 Id Command    Argument
/usr/sbin/mysqld, Version: 8.0.29-21 (Percona Server (GPL), Release 21, Revision c59f87d2854), Time: 2022-11-20T03:10:15.746107+08:00. started with:
Tcp port: 3306  Unix socket: /var/lib/mysql/mysql.sock
Time                 Id Command    Argument
/usr/sbin/mysqld, Version: 8.0.29-21 (Percona Server (GPL), Release 21, Revision c59f87d2854), Time: 2022-11-20T03:17:37.087394+08:00. started with:
Tcp port: 0  Unix socket: /var/lib/mysql/mysql.sock
Time                 Id Command    Argument
/usr/sbin/mysqld, Version: 8.0.29-21 (Percona Server (GPL), Release 21, Revision c59f87d2854), Time: 2022-11-20T03:17:44.946104+08:00. started with:
Tcp port: 0  Unix socket: /var/lib/mysql/mysql.sock
Time                 Id Command    Argument
/usr/sbin/mysqld, Version: 8.0.29-21 (Percona Server (GPL), Release 21, Revision c59f87d2854), Time: 2022-11-20T03:17:52.905611+08:00. started with:
Tcp port: 3306  Unix socket: /var/lib/mysql/mysql.sock
Time                 Id Command    Argument
/usr/sbin/mysqld, Version: 8.0.29-21 (Percona Server (GPL), Release 21, Revision c59f87d2854), Time: 2022-11-20T03:18:12.243752+08:00. started with:
Tcp port: 0  Unix socket: /var/lib/mysql/mysql.sock
Time                 Id Command    Argument
/usr/sbin/mysqld, Version: 8.0.29-21 (Percona Server (GPL), Release 21, Revision c59f87d2854), Time: 2022-11-20T03:18:20.527121+08:00. started with:
Tcp port: 0  Unix socket: /var/lib/mysql/mysql.sock
Time                 Id Command    Argument
/usr/sbin/mysqld, Version: 8.0.29-21 (Percona Server (GPL), Release 21, Revision c59f87d2854), Time: 2022-11-20T03:18:29.457814+08:00. started with:
Tcp port: 3306  Unix socket: /var/lib/mysql/mysql.sock
Time                 Id Command    Argument
/usr/sbin/mysqld, Version: 8.0.29-21 (Percona Server (GPL), Release 21, Revision c59f87d2854), Time: 2022-11-20T03:19:19.876259+08:00. started with:
Tcp port: 0  Unix socket: /var/lib/mysql/mysql.sock
Time                 Id Command    Argument
/usr/sbin/mysqld, Version: 8.0.29-21 (Percona Server (GPL), Release 21, Revision c59f87d2854), Time: 2022-11-20T03:19:27.861738+08:00. started with:
Tcp port: 0  Unix socket: /var/lib/mysql/mysql.sock
Time                 Id Command    Argument
/usr/sbin/mysqld, Version: 8.0.29-21 (Percona Server (GPL), Release 21, Revision c59f87d2854), Time: 2022-11-20T03:19:35.969324+08:00. started with:
Tcp port: 3306  Unix socket: /var/lib/mysql/mysql.sock
Time                 Id Command    Argument
/usr/sbin/mysqld, Version: 8.0.29-21 (Percona Server (GPL), Release 21, Revision c59f87d2854), Time: 2022-11-20T03:21:51.660107+08:00. started with:
Tcp port: 0  Unix socket: /var/lib/mysql/mysql.sock
Time                 Id Command    Argument
/usr/sbin/mysqld, Version: 8.0.29-21 (Percona Server (GPL), Release 21, Revision c59f87d2854), Time: 2022-11-20T03:21:58.945175+08:00. started with:
Tcp port: 0  Unix socket: /var/lib/mysql/mysql.sock
Time                 Id Command    Argument
/usr/sbin/mysqld, Version: 8.0.29-21 (Percona Server (GPL), Release 21, Revision c59f87d2854), Time: 2022-11-20T03:22:06.554058+08:00. started with:
Tcp port: 3306  Unix socket: /var/lib/mysql/mysql.sock
Time                 Id Command    Argument
/usr/sbin/mysqld, Version: 8.0.29-21 (Percona Server (GPL), Release 21, Revision c59f87d2854), Time: 2022-11-20T03:22:35.136476+08:00. started with:
Tcp port: 0  Unix socket: /var/lib/mysql/mysql.sock
Time                 Id Command    Argument
/usr/sbin/mysqld, Version: 8.0.29-21 (Percona Server (GPL), Release 21, Revision c59f87d2854), Time: 2022-11-20T03:22:43.436701+08:00. started with:
Tcp port: 0  Unix socket: /var/lib/mysql/mysql.sock
Time                 Id Command    Argument
/usr/sbin/mysqld, Version: 8.0.29-21 (Percona Server (GPL), Release 21, Revision c59f87d2854), Time: 2022-11-20T03:22:52.093590+08:00. started with:
Tcp port: 3306  Unix socket: /var/lib/mysql/mysql.sock
Time                 Id Command    Argument
/usr/sbin/mysqld, Version: 8.0.29-21 (Percona Server (GPL), Release 21, Revision c59f87d2854), Time: 2022-11-20T03:24:28.906774+08:00. started with:
Tcp port: 0  Unix socket: /var/lib/mysql/mysql.sock
Time                 Id Command    Argument
/usr/sbin/mysqld, Version: 8.0.29-21 (Percona Server (GPL), Release 21, Revision c59f87d2854), Time: 2022-11-20T03:24:36.915341+08:00. started with:
Tcp port: 0  Unix socket: /var/lib/mysql/mysql.sock
Time                 Id Command    Argument
/usr/sbin/mysqld, Version: 8.0.29-21 (Percona Server (GPL), Release 21, Revision c59f87d2854), Time: 2022-11-20T03:24:45.127592+08:00. started with:
Tcp port: 3306  Unix socket: /var/lib/mysql/mysql.sock
Time                 Id Command    Argument
/usr/sbin/mysqld, Version: 8.0.29-21 (Percona Server (GPL), Release 21, Revision c59f87d2854), Time: 2022-11-20T03:26:17.668173+08:00. started with:
Tcp port: 0  Unix socket: /var/lib/mysql/mysql.sock
Time                 Id Command    Argument
/usr/sbin/mysqld, Version: 8.0.29-21 (Percona Server (GPL), Release 21, Revision c59f87d2854), Time: 2022-11-20T03:26:25.684090+08:00. started with:
Tcp port: 0  Unix socket: /var/lib/mysql/mysql.sock
Time                 Id Command    Argument
/usr/sbin/mysqld, Version: 8.0.29-21 (Percona Server (GPL), Release 21, Revision c59f87d2854), Time: 2022-11-20T03:26:33.900661+08:00. started with:
Tcp port: 3306  Unix socket: /var/lib/mysql/mysql.sock
Time                 Id Command    Argument
/usr/sbin/mysqld, Version: 8.0.29-21 (Percona Server (GPL), Release 21, Revision c59f87d2854), Time: 2022-11-20T03:29:20.057626+08:00. started with:
Tcp port: 0  Unix socket: /var/lib/mysql/mysql.sock
Time                 Id Command    Argument
/usr/sbin/mysqld, Version: 8.0.29-21 (Percona Server (GPL), Release 21, Revision c59f87d2854), Time: 2022-11-20T03:29:28.137416+08:00. started with:
Tcp port: 0  Unix socket: /var/lib/mysql/mysql.sock
Time                 Id Command    Argument
/usr/sbin/mysqld, Version: 8.0.29-21 (Percona Server (GPL), Release 21, Revision c59f87d2854), Time: 2022-11-20T03:29:36.858431+08:00. started with:
Tcp port: 3306  Unix socket: /var/lib/mysql/mysql.sock
Time                 Id Command    Argument
/usr/sbin/mysqld, Version: 8.0.29-21 (Percona Server (GPL), Release 21, Revision c59f87d2854), Time: 2022-11-20T03:30:49.435445+08:00. started with:
Tcp port: 0  Unix socket: /var/lib/mysql/mysql.sock
Time                 Id Command    Argument
/usr/sbin/mysqld, Version: 8.0.29-21 (Percona Server (GPL), Release 21, Revision c59f87d2854), Time: 2022-11-20T03:30:57.045879+08:00. started with:
Tcp port: 0  Unix socket: /var/lib/mysql/mysql.sock
Time                 Id Command    Argument
/usr/sbin/mysqld, Version: 8.0.29-21 (Percona Server (GPL), Release 21, Revision c59f87d2854), Time: 2022-11-20T03:31:06.159784+08:00. started with:
Tcp port: 3306  Unix socket: /var/lib/mysql/mysql.sock
Time                 Id Command    Argument
/usr/sbin/mysqld, Version: 8.0.29-21 (Percona Server (GPL), Release 21, Revision c59f87d2854), Time: 2022-11-20T03:31:28.201917+08:00. started with:
Tcp port: 0  Unix socket: /var/lib/mysql/mysql.sock
Time                 Id Command    Argument
/usr/sbin/mysqld, Version: 8.0.29-21 (Percona Server (GPL), Release 21, Revision c59f87d2854), Time: 2022-11-20T03:31:36.119106+08:00. started with:
Tcp port: 0  Unix socket: /var/lib/mysql/mysql.sock
Time                 Id Command    Argument
/usr/sbin/mysqld, Version: 8.0.29-21 (Percona Server (GPL), Release 21, Revision c59f87d2854), Time: 2022-11-20T03:32:08.634409+08:00. started with:
Tcp port: 0  Unix socket: /var/lib/mysql/mysql.sock
Time                 Id Command    Argument
/usr/sbin/mysqld, Version: 8.0.29-21 (Percona Server (GPL), Release 21, Revision c59f87d2854), Time: 2022-11-20T03:32:15.990976+08:00. started with:
Tcp port: 0  Unix socket: /var/lib/mysql/mysql.sock
Time                 Id Command    Argument
/usr/sbin/mysqld, Version: 8.0.29-21 (Percona Server (GPL), Release 21, Revision c59f87d2854), Time: 2022-11-20T03:32:24.501853+08:00. started with:
Tcp port: 3306  Unix socket: /var/lib/mysql/mysql.sock
Time                 Id Command    Argument
/usr/sbin/mysqld, Version: 8.0.29-21 (Percona Server (GPL), Release 21, Revision c59f87d2854), Time: 2022-11-20T03:35:33.500002+08:00. started with:
Tcp port: 0  Unix socket: /var/lib/mysql/mysql.sock
Time                 Id Command    Argument
/usr/sbin/mysqld, Version: 8.0.29-21 (Percona Server (GPL), Release 21, Revision c59f87d2854), Time: 2022-11-20T03:35:41.734284+08:00. started with:
Tcp port: 0  Unix socket: /var/lib/mysql/mysql.sock
Time                 Id Command    Argument
/usr/sbin/mysqld, Version: 8.0.29-21 (Percona Server (GPL), Release 21, Revision c59f87d2854), Time: 2022-11-20T03:35:48.913431+08:00. started with:
Tcp port: 3306  Unix socket: /var/lib/mysql/mysql.sock
Time                 Id Command    Argument
/usr/sbin/mysqld, Version: 8.0.29-21 (Percona Server (GPL), Release 21, Revision c59f87d2854), Time: 2022-11-20T03:37:08.730029+08:00. started with:
Tcp port: 0  Unix socket: /var/lib/mysql/mysql.sock
Time                 Id Command    Argument
/usr/sbin/mysqld, Version: 8.0.29-21 (Percona Server (GPL), Release 21, Revision c59f87d2854), Time: 2022-11-20T03:37:16.128428+08:00. started with:
Tcp port: 0  Unix socket: /var/lib/mysql/mysql.sock
Time                 Id Command    Argument
/usr/sbin/mysqld, Version: 8.0.29-21 (Percona Server (GPL), Release 21, Revision c59f87d2854), Time: 2022-11-20T03:37:24.556255+08:00. started with:
Tcp port: 3306  Unix socket: /var/lib/mysql/mysql.sock
Time                 Id Command    Argument
/usr/sbin/mysqld, Version: 8.0.29-21 (Percona Server (GPL), Release 21, Revision c59f87d2854), Time: 2022-11-20T04:03:12.181215+08:00. started with:
Tcp port: 0  Unix socket: /var/lib/mysql/mysql.sock
Time                 Id Command    Argument
/usr/sbin/mysqld, Version: 8.0.29-21 (Percona Server (GPL), Release 21, Revision c59f87d2854), Time: 2022-11-20T04:03:20.394126+08:00. started with:
Tcp port: 0  Unix socket: /var/lib/mysql/mysql.sock
Time                 Id Command    Argument
/usr/sbin/mysqld, Version: 8.0.29-21 (Percona Server (GPL), Release 21, Revision c59f87d2854), Time: 2022-11-20T04:03:27.526163+08:00. started with:
Tcp port: 3306  Unix socket: /var/lib/mysql/mysql.sock
Time                 Id Command    Argument
